2025-09-21T20:43:06.660Z - Starting Zk-Werewolf Contract Test Suite
2025-09-21T20:43:06.668Z - Preparing test accounts...
2025-09-21T20:43:06.887Z - Testing createGame()...
2025-09-21T20:43:51.002Z - Starting Zk-Werewolf Contract Test Suite
2025-09-21T20:43:51.004Z - Preparing test accounts...
2025-09-21T20:43:51.161Z - Testing createGame()...
2025-09-21T20:44:14.160Z - Starting Zk-Werewolf Contract Test Suite
2025-09-21T20:44:14.162Z - Preparing test accounts...
2025-09-21T20:44:14.321Z - Testing createGame()...
2025-09-21T20:45:31.552Z - Starting Zk-Werewolf Contract Test Suite
2025-09-21T20:45:31.553Z - Preparing test accounts...
2025-09-21T20:45:31.773Z - Testing createGame()...
2025-09-21T20:47:31.825Z - Starting Zk-Werewolf Contract Test Suite
2025-09-21T20:47:31.827Z - Preparing test accounts...
2025-09-21T20:47:32.554Z - Testing createGame()...
2025-09-21T20:49:33.528Z - Starting Zk-Werewolf Contract Test Suite
2025-09-21T20:49:33.530Z - Preparing test accounts...
2025-09-21T20:49:33.887Z - Testing createGame()...
2025-09-21T20:53:37.762Z - Starting Zk-Werewolf Contract Test Suite
2025-09-21T20:53:37.763Z - Preparing test accounts...
2025-09-21T20:53:38.010Z - Testing createGame()...
2025-09-21T20:54:27.369Z - Starting Zk-Werewolf Contract Test Suite
2025-09-21T20:54:27.371Z - Preparing test accounts...
2025-09-21T20:54:27.634Z - Testing createGame()...
2025-09-21T21:00:44.529Z - Starting Zk-Werewolf Contract Test Suite
2025-09-21T21:00:44.531Z - Preparing test accounts...
2025-09-21T21:00:44.712Z - Testing createGame()...
2025-09-21T21:02:51.427Z - Starting Zk-Werewolf Contract Test Suite
2025-09-21T21:02:51.429Z - Preparing test accounts...
2025-09-21T21:02:51.607Z - Testing createGame()...
2025-09-21T21:06:46.112Z - Starting Zk-Werewolf Contract Test Suite
2025-09-21T21:06:46.115Z - Preparing test accounts...
2025-09-21T21:06:46.334Z - Testing createGame()...
2025-09-21T22:04:29.618Z - Starting Zk-Werewolf Contract Test Suite
2025-09-21T22:04:29.625Z - Preparing test accounts...
2025-09-21T22:04:29.858Z - Testing createGame()...
2025-09-21T22:06:55.159Z - Starting Zk-Werewolf Contract Test Suite
2025-09-21T22:06:55.163Z - Preparing test accounts...
2025-09-21T22:06:55.347Z - Testing createGame()...
2025-09-21T22:10:14.478Z - Starting Zk-Werewolf Contract Test Suite
2025-09-21T22:10:14.480Z - Preparing test accounts...
2025-09-21T22:10:14.712Z - Testing createGame()...
2025-09-21T22:12:11.123Z - Starting Zk-Werewolf Contract Test Suite
2025-09-21T22:12:11.124Z - Preparing test accounts...
2025-09-21T22:12:11.297Z - Testing createGame()...
2025-09-21T22:17:37.372Z - Starting Zk-Werewolf Contract Test Suite
2025-09-21T22:17:37.376Z - Preparing test accounts...
2025-09-21T22:17:37.620Z - Testing createGame()...
2025-09-21T22:18:33.839Z - Starting Zk-Werewolf Contract Test Suite
2025-09-21T22:18:33.840Z - Preparing test accounts...
2025-09-21T22:18:34.013Z - Testing createGame()...
2025-09-21T22:18:50.974Z - Starting Zk-Werewolf Contract Test Suite
2025-09-21T22:18:50.983Z - Preparing test accounts...
2025-09-21T22:18:51.242Z - Testing createGame()...
2025-09-21T22:21:48.999Z - Starting Zk-Werewolf Contract Test Suite
2025-09-21T22:21:49.001Z - Preparing test accounts...
2025-09-21T22:21:49.242Z - Testing createGame()...
2025-09-21T22:22:19.666Z - Starting Zk-Werewolf Contract Test Suite
2025-09-21T22:22:19.667Z - Preparing test accounts...
2025-09-21T22:22:19.836Z - Testing createGame()...
2025-09-21T22:22:20.159Z - Testing getAllGamesForAddress()...
2025-09-21T22:22:57.584Z - Starting Zk-Werewolf Contract Test Suite
2025-09-21T22:22:57.586Z - Preparing test accounts...
2025-09-21T22:22:57.757Z - Testing createGame()...
2025-09-21T22:22:58.134Z - Testing getAllGamesForAddress()...
2025-09-21T22:23:16.233Z - Starting Zk-Werewolf Contract Test Suite
2025-09-21T22:23:16.234Z - Preparing test accounts...
2025-09-21T22:23:16.406Z - Testing createGame()...
2025-09-21T22:23:16.774Z - Testing getAllGamesForAddress()...
2025-09-21T22:24:01.536Z - Starting Zk-Werewolf Contract Test Suite
2025-09-21T22:24:01.537Z - Preparing test accounts...
2025-09-21T22:24:02.390Z - Testing createGame()...
2025-09-21T22:24:03.141Z - Testing getAllGamesForAddress()...
2025-09-21T22:25:05.383Z - Starting Zk-Werewolf Contract Test Suite
2025-09-21T22:25:05.384Z - Preparing test accounts...
2025-09-21T22:25:05.568Z - Testing createGame()...
2025-09-21T22:25:05.946Z - Testing getAllGamesForAddress()...
2025-09-21T22:25:05.968Z - Testing commitMove()...
2025-09-21T23:18:31.104Z - Game 1 created with 4 players and 1 werewolves.
2025-09-21T23:18:31.106Z - Move committed in game 1 by 0x1234...7890.
2025-09-21T23:18:31.107Z - Move committed in game 1 by 0x2345...8901.
2025-09-21T23:18:31.109Z - Move committed in game 1 by 0x3456...9012.
2025-09-21T23:18:31.109Z - Move committed in game 1 by 0x4567...0123.
2025-09-21T23:18:31.110Z - Turn 2 ended in game 1.
2025-09-21T23:18:31.111Z - Vote started in game 1 by 0x1234...7890.
2025-09-21T23:18:31.112Z - Vote cast in game 1 by 0x2345...8901 against 0x3456...9012.
2025-09-21T23:18:31.113Z - Vote cast in game 1 by 0x3456...9012 against 0x3456...9012.
2025-09-21T23:18:31.114Z - Vote cast in game 1 by 0x4567...0123 against 0x4567...0123.
2025-09-21T23:18:31.115Z - Vote cast in game 1 by 0x1234...7890 against 0x3456...9012.
2025-09-21T23:18:31.117Z - Player 0x3456...9012 was voted out in game 1.
2025-09-21T23:18:31.117Z - Vote ended in game 1.
2025-09-21T23:21:28.189Z - Game 1 created with 4 players and 1 werewolves.
2025-09-21T23:21:28.191Z - Move committed in game 1 by 0x1234...7890.
2025-09-21T23:21:28.192Z - Move committed in game 1 by 0x2345...8901.
2025-09-21T23:21:28.193Z - Move committed in game 1 by 0x3456...9012.
2025-09-21T23:21:28.193Z - Move committed in game 1 by 0x4567...0123.
2025-09-21T23:21:28.194Z - Turn 2 ended in game 1.
2025-09-21T23:21:28.195Z - Vote started in game 1 by 0x1234...7890.
2025-09-21T23:21:28.196Z - Vote cast in game 1 by 0x2345...8901 against 0x3456...9012.
2025-09-21T23:21:28.197Z - Vote cast in game 1 by 0x3456...9012 against 0x3456...9012.
2025-09-21T23:21:28.198Z - Vote cast in game 1 by 0x4567...0123 against 0x4567...0123.
2025-09-21T23:21:28.201Z - Vote cast in game 1 by 0x1234...7890 against 0x3456...9012.
2025-09-21T23:21:28.202Z - Player 0x3456...9012 was voted out in game 1.
2025-09-21T23:21:28.203Z - Vote ended in game 1.
2025-09-21T23:23:48.519Z - Game 1 created with 4 players and 1 werewolves.
2025-09-21T23:23:48.521Z - Move committed in game 1 by 0x1234...7890.
2025-09-21T23:23:48.522Z - Move committed in game 1 by 0x2345...8901.
2025-09-21T23:23:48.524Z - Move committed in game 1 by 0x3456...9012.
2025-09-21T23:23:48.524Z - Move committed in game 1 by 0x4567...0123.
2025-09-21T23:23:48.525Z - Turn 2 ended in game 1.
2025-09-21T23:23:48.526Z - Vote started in game 1 by 0x1234...7890.
2025-09-21T23:23:48.528Z - Vote cast in game 1 by 0x2345...8901 against 0x3456...9012.
2025-09-21T23:23:48.529Z - Vote cast in game 1 by 0x3456...9012 against 0x3456...9012.
2025-09-21T23:23:48.529Z - Vote cast in game 1 by 0x4567...0123 against 0x4567...0123.
2025-09-21T23:23:48.530Z - Vote cast in game 1 by 0x1234...7890 against 0x3456...9012.
2025-09-21T23:23:48.531Z - Player 0x3456...9012 was voted out in game 1.
2025-09-21T23:23:48.531Z - Vote ended in game 1.
2025-09-21T23:23:48.537Z - Player 0x4567...0123 was killed in game 1.
2025-09-21T23:23:48.537Z - Werewolf 0x1234...7890 was discovered in game 1.
2025-09-21T23:23:48.538Z - Game 1 over. Werewolves lost.
